<?xml version="1.0" encoding="UTF-8"?>
<testng-results skipped="0" failed="0" ignored="0" total="1" passed="1">
  <reporter-output>
  </reporter-output>
  <suite name="Default suite" duration-ms="141" started-at="2021-03-17T19:35:28 IST" finished-at="2021-03-17T19:35:29 IST">
    <groups>
    </groups>
    <test name="Default test" duration-ms="141" started-at="2021-03-17T19:35:28 IST" finished-at="2021-03-17T19:35:29 IST">
      <class name="com.rap3.RALogger">
        <test-method status="PASS" signature="logOutput()[pri:0, instance:com.rap3.RALogger@158da8e]" name="logOutput" duration-ms="31" started-at="2021-03-17T19:35:28 IST" finished-at="2021-03-17T19:35:28 IST">
          <reporter-output>
          </reporter-output>
        </test-method> <!-- logOutput -->
      </class> <!-- com.rap3.RALogger -->
    </test> <!-- Default test -->
  </suite> <!-- Default suite -->
</testng-results>
